<?xml version="1.0" encoding="UTF-8"?>
<testsuite xmlns:xsi="http://www.w3.org/2001/XMLSchema-instance" xsi:schemaLocation="https://maven.apache.org/surefire/maven-surefire-plugin/xsd/surefire-test-report.xsd" name="com.ig.flooringmastery.dao.TaxDaoFileImplTest" time="0.838" tests="3" errors="0" skipped="0" failures="0">
  <properties>
[...]
</properties>
  <testcase name="testGetAllTaxes" classname="com.ig.flooringmastery.dao.TaxDaoFileImplTest" time="0.692"/>
  <testcase name="testAddGetTax" classname="com.ig.flooringmastery.dao.TaxDaoFileImplTest" time="0.073"/>
  <testcase name="testGetAllStates" classname="com.ig.flooringmastery.dao.TaxDaoFileImplTest" time="0.057"/>
</testsuite>